{
  "RSpec": {
    "coverage": {
      "/Users/haewonjeon/right_now_Turing/consultancy_project/komodo_frontend/config/environment.rb": {
        "lines": [
          null,
          1,
          null,
          null,
          1
        ]
      },
      "/Users/haewonjeon/right_now_Turing/consultancy_project/komodo_frontend/config/application.rb": {
        "lines": [
          1,
          null,
          1,
          null,
          1,
          1,
          1,
          1,
          1,
          1,
          1,
          1,
          1,
          null,
          null,
          null,
          null,
          1,
          null,
          1,
          1,
          null,
          1,
          null,
          null,
          null,
          null,
          null,
          null,
          null,
          1,
          null,
          null
        ]
      },
      "/Users/haewonjeon/right_now_Turing/consultancy_project/komodo_frontend/config/boot.rb": {
        "lines": [
          1,
          null,
          1,
          1
        ]
      },
      "/Users/haewonjeon/right_now_Turing/consultancy_project/komodo_frontend/config/environments/test.rb": {
        "lines": [
          1,
          null,
          null,
          null,
          null,
          null,
          null,
          1,
          null,
          null,
          null,
          null,
          1,
          null,
          null,
          1,
          1,
          null,
          null,
          null,
          null,
          1,
          1,
          null,
          null,
          1,
          null,
          null,
          1,
          null,
          null,
          1,
          null,
          1,
          null,
          null,
          null,
          null,
          1,
          null,
          null,
          1,
          null,
          null,
          null,
          null
        ]
      },
      "/Users/haewonjeon/right_now_Turing/consultancy_project/komodo_frontend/config/initializers/application_controller_renderer.rb": {
        "lines": [
          null,
          null,
          null,
          null,
          null,
          null,
          null,
          null
        ]
      },
      "/Users/haewonjeon/right_now_Turing/consultancy_project/komodo_frontend/config/initializers/assets.rb": {
        "lines": [
          null,
          null,
          null,
          1,
          null,
          null,
          null,
          null,
          1,
          null,
          null,
          null,
          null,
          null
        ]
      },
      "/Users/haewonjeon/right_now_Turing/consultancy_project/komodo_frontend/config/initializers/backtrace_silencers.rb": {
        "lines": [
          null,
          null,
          null,
          null,
          null,
          null,
          null
        ]
      },
      "/Users/haewonjeon/right_now_Turing/consultancy_project/komodo_frontend/config/initializers/content_security_policy.rb": {
        "lines": [
          null,
          null,
          null,
          null,
          null,
          null,
          null,
          null,
          null,
          null,
          null,
          null,
          null,
          null,
          null,
          null,
          null,
          null,
          null,
          null,
          null,
          null,
          null,
          null,
          null
        ]
      },
      "/Users/haewonjeon/right_now_Turing/consultancy_project/komodo_frontend/config/initializers/cookies_serializer.rb": {
        "lines": [
          null,
          null,
          null,
          null,
          1
        ]
      },
      "/Users/haewonjeon/right_now_Turing/consultancy_project/komodo_frontend/config/initializers/filter_parameter_logging.rb": {
        "lines": [
          null,
          null,
          null,
          1
        ]
      },
      "/Users/haewonjeon/right_now_Turing/consultancy_project/komodo_frontend/config/initializers/inflections.rb": {
        "lines": [
          null,
          null,
          null,
          null,
          null,
          null,
          null,
          null,
          null,
          null,
          null,
          null,
          null,
          null,
          null,
          null
        ]
      },
      "/Users/haewonjeon/right_now_Turing/consultancy_project/komodo_frontend/config/initializers/mime_types.rb": {
        "lines": [
          null,
          null,
          null,
          null
        ]
      },
      "/Users/haewonjeon/right_now_Turing/consultancy_project/komodo_frontend/config/initializers/omniauth.rb": {
        "lines": [
          1,
          1,
          null,
          1,
          null,
          null
        ]
      },
      "/Users/haewonjeon/right_now_Turing/consultancy_project/komodo_frontend/config/initializers/wrap_parameters.rb": {
        "lines": [
          null,
          null,
          null,
          null,
          null,
          null,
          1,
          2,
          null,
          null,
          null,
          null,
          null,
          null
        ]
      },
      "/Users/haewonjeon/right_now_Turing/consultancy_project/komodo_frontend/config/routes.rb": {
        "lines": [
          1,
          null,
          1,
          null,
          1,
          1,
          null,
          1,
          1,
          1,
          null,
          null,
          null
        ]
      },
      "/Users/haewonjeon/right_now_Turing/consultancy_project/komodo_frontend/app/helpers/application_helper.rb": {
        "lines": [
          1,
          null
        ]
      },
      "/Users/haewonjeon/right_now_Turing/consultancy_project/komodo_frontend/spec/support/factory_bot.rb": {
        "lines": [
          1,
          1,
          null
        ]
      },
      "/Users/haewonjeon/right_now_Turing/consultancy_project/komodo_frontend/app/facades/contacts_facade.rb": {
        "lines": [
          1,
          1,
          1,
          2,
          2,
          29,
          null,
          null,
          null,
          1,
          2,
          null,
          2,
          null,
          null,
          1,
          1,
          null,
          null,
          null
        ]
      },
      "/Users/haewonjeon/right_now_Turing/consultancy_project/komodo_frontend/spec/features/welcome/index_spec.rb": {
        "lines": [
          null,
          null,
          null,
          null,
          null,
          null,
          null,
          null,
          null,
          null,
          null,
          null,
          null,
          null,
          null
        ]
      },
      "/Users/haewonjeon/right_now_Turing/consultancy_project/komodo_frontend/spec/models/user_spec.rb": {
        "lines": [
          1,
          null,
          1,
          1,
          null
        ]
      },
      "/Users/haewonjeon/right_now_Turing/consultancy_project/komodo_frontend/app/models/user.rb": {
        "lines": [
          1,
          1,
          1,
          1,
          1,
          null
        ]
      },
      "/Users/haewonjeon/right_now_Turing/consultancy_project/komodo_frontend/app/models/application_record.rb": {
        "lines": [
          1,
          1,
          null
        ]
      },
      "/Users/haewonjeon/right_now_Turing/consultancy_project/komodo_frontend/spec/poros/contact_spec.rb": {
        "lines": [
          1,
          null,
          1,
          1,
          0,
          null,
          0,
          0,
          0,
          null,
          null
        ]
      },
      "/Users/haewonjeon/right_now_Turing/consultancy_project/komodo_frontend/app/poros/contact.rb": {
        "lines": [
          1,
          1,
          null,
          1,
          31,
          31,
          31,
          31,
          null,
          null
        ]
      },
      "/Users/haewonjeon/right_now_Turing/consultancy_project/komodo_frontend/app/services/contacts_service.rb": {
        "lines": [
          1,
          1,
          1,
          2,
          2,
          null,
          null,
          1,
          2,
          2,
          null,
          2,
          null,
          null,
          1,
          1,
          1,
          null,
          1,
          0,
          null,
          null,
          1,
          1,
          5,
          null,
          null,
          1,
          4,
          null,
          null,
          null
        ]
      }
    },
    "timestamp": 1641697549
  }
}
